<?xml version="1.0" encoding="UTF-8"?>
<!-- Generated by org.testng.reporters.JUnitReportReporter -->
<testsuite skipped="0" hostname="Dins-MBP.home" name="com.qa.hubspot.tests.ContactsPageTest" tests="8" failures="0" timestamp="2020-04-06T18:44:32 EDT" time="189.543" errors="0">
  <testcase name="createContactsTest" time="23.187" classname="com.qa.hubspot.tests.ContactsPageTest"/>
  <system-out/>
  <testcase name="createContactsTest" time="20.803" classname="com.qa.hubspot.tests.ContactsPageTest"/>
  <system-out/>
  <testcase name="createContactsTest" time="23.945" classname="com.qa.hubspot.tests.ContactsPageTest"/>
  <system-out/>
  <testcase name="createContactsTest" time="21.988" classname="com.qa.hubspot.tests.ContactsPageTest"/>
  <system-out/>
  <testcase name="createContactsTest" time="27.654" classname="com.qa.hubspot.tests.ContactsPageTest"/>
  <system-out/>
  <testcase name="createContactsTest" time="25.306" classname="com.qa.hubspot.tests.ContactsPageTest"/>
  <system-out/>
  <testcase name="createContactsTest" time="22.096" classname="com.qa.hubspot.tests.ContactsPageTest"/>
  <system-out/>
  <testcase name="createContactsTest" time="24.564" classname="com.qa.hubspot.tests.ContactsPageTest"/>
  <system-out/>
</testsuite> <!-- com.qa.hubspot.tests.ContactsPageTest -->
